[2023-10-22T20:06:07.249+0300] {taskinstance.py:1157} INFO - Dependencies all met for dep_context=non-requeueable deps ti=<TaskInstance: dm1trybu.init scheduled__2023-10-21T09:45:00+00:00 [queued]>
[2023-10-22T20:06:07.252+0300] {taskinstance.py:1157} INFO - Dependencies all met for dep_context=requeueable deps ti=<TaskInstance: dm1trybu.init scheduled__2023-10-21T09:45:00+00:00 [queued]>
[2023-10-22T20:06:07.252+0300] {taskinstance.py:1359} INFO - Starting attempt 3 of 4
[2023-10-22T20:06:07.258+0300] {taskinstance.py:1380} INFO - Executing <Task(PythonOperator): init> on 2023-10-21 09:45:00+00:00
[2023-10-22T20:06:07.261+0300] {standard_task_runner.py:57} INFO - Started process 205253 to run task
[2023-10-22T20:06:07.264+0300] {standard_task_runner.py:84} INFO - Running: ['airflow', 'tasks', 'run', 'dm1trybu', 'init', 'scheduled__2023-10-21T09:45:00+00:00', '--job-id', '97', '--raw', '--subdir', 'DAGS_FOLDER/final_dag_3_models.py', '--cfg-path', '/tmp/tmpfs1q95ru']
[2023-10-22T20:06:07.266+0300] {standard_task_runner.py:85} INFO - Job 97: Subtask init
[2023-10-22T20:06:07.306+0300] {task_command.py:415} INFO - Running <TaskInstance: dm1trybu.init scheduled__2023-10-21T09:45:00+00:00 [running]> on host dsbulgako1-QEMU-Virtual-Machine
[2023-10-22T20:06:07.363+0300] {taskinstance.py:1660} INFO - Exporting env vars: AIRFLOW_CTX_DAG_EMAIL='dmitrii.bulghakov@bk.ru' AIRFLOW_CTX_DAG_OWNER='Dmitry Bulgakov' AIRFLOW_CTX_DAG_ID='dm1trybu' AIRFLOW_CTX_TASK_ID='init' AIRFLOW_CTX_EXECUTION_DATE='2023-10-21T09:45:00+00:00' AIRFLOW_CTX_TRY_NUMBER='3' AIRFLOW_CTX_DAG_RUN_ID='scheduled__2023-10-21T09:45:00+00:00'
[2023-10-22T20:06:07.363+0300] {final_dag_3_models.py:71} INFO - Initializing dag and collecting meta-data...
[2023-10-22T20:06:07.416+0300] {migration.py:213} INFO - Context impl PostgresqlImpl.
[2023-10-22T20:06:07.416+0300] {migration.py:216} INFO - Will assume transactional DDL.
[2023-10-22T20:06:07.427+0300] {taskinstance.py:1935} ERROR - Task failed with exception
Traceback (most recent call last):
  File "/home/dsbulgako1/my_repos/mlops_project/env/lib/python3.10/site-packages/sqlalchemy/engine/base.py", line 1910, in _execute_context
    self.dialect.do_execute(
  File "/home/dsbulgako1/my_repos/mlops_project/env/lib/python3.10/site-packages/sqlalchemy/engine/default.py", line 736, in do_execute
    cursor.execute(statement, parameters)
psycopg2.errors.UniqueViolation: duplicate key value violates unique constraint "experiments_name_key"
DETAIL:  Key (name)=(dm1trybu) already exists.


The above exception was the direct cause of the following exception:

Traceback (most recent call last):
  File "/home/dsbulgako1/my_repos/mlops_project/env/lib/python3.10/site-packages/mlflow/store/db/utils.py", line 141, in make_managed_session
    yield session
  File "/home/dsbulgako1/my_repos/mlops_project/env/lib/python3.10/site-packages/mlflow/store/tracking/sqlalchemy_store.py", line 275, in create_experiment
    session.flush()
  File "/home/dsbulgako1/my_repos/mlops_project/env/lib/python3.10/site-packages/sqlalchemy/orm/session.py", line 3449, in flush
    self._flush(objects)
  File "/home/dsbulgako1/my_repos/mlops_project/env/lib/python3.10/site-packages/sqlalchemy/orm/session.py", line 3588, in _flush
    with util.safe_reraise():
  File "/home/dsbulgako1/my_repos/mlops_project/env/lib/python3.10/site-packages/sqlalchemy/util/langhelpers.py", line 70, in __exit__
    compat.raise_(
  File "/home/dsbulgako1/my_repos/mlops_project/env/lib/python3.10/site-packages/sqlalchemy/util/compat.py", line 211, in raise_
    raise exception
  File "/home/dsbulgako1/my_repos/mlops_project/env/lib/python3.10/site-packages/sqlalchemy/orm/session.py", line 3549, in _flush
    flush_context.execute()
  File "/home/dsbulgako1/my_repos/mlops_project/env/lib/python3.10/site-packages/sqlalchemy/orm/unitofwork.py", line 456, in execute
    rec.execute(self)
  File "/home/dsbulgako1/my_repos/mlops_project/env/lib/python3.10/site-packages/sqlalchemy/orm/unitofwork.py", line 630, in execute
    util.preloaded.orm_persistence.save_obj(
  File "/home/dsbulgako1/my_repos/mlops_project/env/lib/python3.10/site-packages/sqlalchemy/orm/persistence.py", line 245, in save_obj
    _emit_insert_statements(
  File "/home/dsbulgako1/my_repos/mlops_project/env/lib/python3.10/site-packages/sqlalchemy/orm/persistence.py", line 1238, in _emit_insert_statements
    result = connection._execute_20(
  File "/home/dsbulgako1/my_repos/mlops_project/env/lib/python3.10/site-packages/sqlalchemy/engine/base.py", line 1710, in _execute_20
    return meth(self, args_10style, kwargs_10style, execution_options)
  File "/home/dsbulgako1/my_repos/mlops_project/env/lib/python3.10/site-packages/sqlalchemy/sql/elements.py", line 334, in _execute_on_connection
    return connection._execute_clauseelement(
  File "/home/dsbulgako1/my_repos/mlops_project/env/lib/python3.10/site-packages/sqlalchemy/engine/base.py", line 1577, in _execute_clauseelement
    ret = self._execute_context(
  File "/home/dsbulgako1/my_repos/mlops_project/env/lib/python3.10/site-packages/sqlalchemy/engine/base.py", line 1953, in _execute_context
    self._handle_dbapi_exception(
  File "/home/dsbulgako1/my_repos/mlops_project/env/lib/python3.10/site-packages/sqlalchemy/engine/base.py", line 2134, in _handle_dbapi_exception
    util.raise_(
  File "/home/dsbulgako1/my_repos/mlops_project/env/lib/python3.10/site-packages/sqlalchemy/util/compat.py", line 211, in raise_
    raise exception
  File "/home/dsbulgako1/my_repos/mlops_project/env/lib/python3.10/site-packages/sqlalchemy/engine/base.py", line 1910, in _execute_context
    self.dialect.do_execute(
  File "/home/dsbulgako1/my_repos/mlops_project/env/lib/python3.10/site-packages/sqlalchemy/engine/default.py", line 736, in do_execute
    cursor.execute(statement, parameters)
sqlalchemy.exc.IntegrityError: (psycopg2.errors.UniqueViolation) duplicate key value violates unique constraint "experiments_name_key"
DETAIL:  Key (name)=(dm1trybu) already exists.

[SQL: INSERT INTO experiments (name, artifact_location, lifecycle_stage, creation_time, last_update_time) VALUES (%(name)s, %(artifact_location)s, %(lifecycle_stage)s, %(creation_time)s, %(last_update_time)s) RETURNING experiments.experiment_id]
[parameters: {'name': 'dm1trybu', 'artifact_location': 's3://mlops-project/dm1trybu', 'lifecycle_stage': 'active', 'creation_time': 1697994367425, 'last_update_time': 1697994367425}]
(Background on this error at: https://sqlalche.me/e/14/gkpj)

During handling of the above exception, another exception occurred:

Traceback (most recent call last):
  File "/home/dsbulgako1/my_repos/mlops_project/env/lib/python3.10/site-packages/airflow/operators/python.py", line 192, in execute
    return_value = self.execute_callable()
  File "/home/dsbulgako1/my_repos/mlops_project/env/lib/python3.10/site-packages/airflow/operators/python.py", line 209, in execute_callable
    return self.python_callable(*self.op_args, **self.op_kwargs)
  File "/home/dsbulgako1/my_repos/mlops_project/dags/final_dag_3_models.py", line 76, in init
    metrics["experiment_id"] = mlflow.create_experiment(metrics["experiment_name"],
  File "/home/dsbulgako1/my_repos/mlops_project/env/lib/python3.10/site-packages/mlflow/tracking/fluent.py", line 1438, in create_experiment
    return MlflowClient().create_experiment(name, artifact_location, tags)
  File "/home/dsbulgako1/my_repos/mlops_project/env/lib/python3.10/site-packages/mlflow/tracking/client.py", line 558, in create_experiment
    return self._tracking_client.create_experiment(name, artifact_location, tags)
  File "/home/dsbulgako1/my_repos/mlops_project/env/lib/python3.10/site-packages/mlflow/tracking/_tracking_service/client.py", line 234, in create_experiment
    return self.store.create_experiment(
  File "/home/dsbulgako1/my_repos/mlops_project/env/lib/python3.10/site-packages/mlflow/store/tracking/sqlalchemy_store.py", line 251, in create_experiment
    with self.ManagedSessionMaker() as session:
  File "/usr/lib/python3.10/contextlib.py", line 153, in __exit__
    self.gen.throw(typ, value, traceback)
  File "/home/dsbulgako1/my_repos/mlops_project/env/lib/python3.10/site-packages/mlflow/store/db/utils.py", line 155, in make_managed_session
    raise MlflowException(message=e, error_code=BAD_REQUEST)
mlflow.exceptions.MlflowException: (psycopg2.errors.UniqueViolation) duplicate key value violates unique constraint "experiments_name_key"
DETAIL:  Key (name)=(dm1trybu) already exists.

[SQL: INSERT INTO experiments (name, artifact_location, lifecycle_stage, creation_time, last_update_time) VALUES (%(name)s, %(artifact_location)s, %(lifecycle_stage)s, %(creation_time)s, %(last_update_time)s) RETURNING experiments.experiment_id]
[parameters: {'name': 'dm1trybu', 'artifact_location': 's3://mlops-project/dm1trybu', 'lifecycle_stage': 'active', 'creation_time': 1697994367425, 'last_update_time': 1697994367425}]
(Background on this error at: https://sqlalche.me/e/14/gkpj)
[2023-10-22T20:06:07.440+0300] {taskinstance.py:1398} INFO - Marking task as UP_FOR_RETRY. dag_id=dm1trybu, task_id=init, execution_date=20231021T094500, start_date=20231022T170607, end_date=20231022T170607
[2023-10-22T20:06:07.445+0300] {standard_task_runner.py:104} ERROR - Failed to execute job 97 for task init ((psycopg2.errors.UniqueViolation) duplicate key value violates unique constraint "experiments_name_key"
DETAIL:  Key (name)=(dm1trybu) already exists.

[SQL: INSERT INTO experiments (name, artifact_location, lifecycle_stage, creation_time, last_update_time) VALUES (%(name)s, %(artifact_location)s, %(lifecycle_stage)s, %(creation_time)s, %(last_update_time)s) RETURNING experiments.experiment_id]
[parameters: {'name': 'dm1trybu', 'artifact_location': 's3://mlops-project/dm1trybu', 'lifecycle_stage': 'active', 'creation_time': 1697994367425, 'last_update_time': 1697994367425}]
(Background on this error at: https://sqlalche.me/e/14/gkpj); 205253)
[2023-10-22T20:06:07.475+0300] {local_task_job_runner.py:228} INFO - Task exited with return code 1
[2023-10-22T20:06:07.492+0300] {taskinstance.py:2776} INFO - 0 downstream tasks scheduled from follow-on schedule check
